make all --print-data-base --no-builtin-variables --no-builtin-rules --question
# GNU Make 3.81
# Copyright (C) 2006  Free Software Foundation, Inc.
# This is free software; see the source for copying conditions.
# There is NO warranty; not even for MERCHANTABILITY or FITNESS FOR A
# PARTICULAR PURPOSE.

# This program built for i386-apple-darwin11.3.0

# Make data base, printed on Wed Jul 20 13:07:47 2022

# Variables

# automatic
<D = $(patsubst %/,%,$(dir $<))
# automatic
?F = $(notdir $?)
# environment
NVM_INC = /Users/luyi/.nvm/versions/node/v17.7.2/include/node
# automatic
?D = $(patsubst %/,%,$(dir $?))
# environment
CPPFLAGS = -I/opt/homebrew/opt/openssl@3/include
# automatic
@D = $(patsubst %/,%,$(dir $@))
# automatic
@F = $(notdir $@)
# makefile
CURDIR := /Users/luyi/Personal/playground/simplebank
# makefile
SHELL = /bin/sh
# environment
VSCODE_NLS_CONFIG = {"locale":"zh-cn","availableLanguages":{"*":"zh-cn"},"_languagePackId":"1d735750dbb1b9066c7513078396ba0f.zh-cn","_translationsConfigFile":"/Users/luyi/Library/Application Support/Code/clp/1d735750dbb1b9066c7513078396ba0f.zh-cn/tcf.json","_cacheRoot":"/Users/luyi/Library/Application Support/Code/clp/1d735750dbb1b9066c7513078396ba0f.zh-cn","_resolvedLanguagePackCoreLocation":"/Users/luyi/Library/Application Support/Code/clp/1d735750dbb1b9066c7513078396ba0f.zh-cn/3b889b090b5ad5793f524b5d1d39fda662b96a2a","_corruptedFile":"/Users/luyi/Library/Application Support/Code/clp/1d735750dbb1b9066c7513078396ba0f.zh-cn/corrupted.info","_languagePackSupport":true}
# environment
_ = /usr/bin/make
# environment
ABREWBIM = /opt/homebrew/bin
# makefile (from `Makefile', line 1)
MAKEFILE_LIST :=  Makefile
# environment
GO111MODULE = on
# environment
VSCODE_AMD_ENTRYPOINT = vs/workbench/api/node/extensionHostProcess
# environment
AUTOJUMP_SOURCED = 1
# environment
__CFBundleIdentifier = com.microsoft.VSCode
# environment
INFOPATH = /opt/homebrew/share/info:
# environment
P9K_SSH = 0
# environment
VSCODE_CWD = /
# environment
GOPROXY = https://goproxy.cn,direct
# environment
PATH = /opt/homebrew/Cellar/go/1.18.4/libexec/bin:/Users/luyi/.nvm/versions/node/v17.7.2/bin:/opt/homebrew/opt/libpcap/bin:/opt/homebrew/opt/openssl@3/bin::/Users/luyi/miniforge3/bin:/Users/luyi/miniforge3/condabin:/opt/homebrew/bin:/opt/homebrew/sbin:/usr/local/bin:/usr/bin:/bin:/usr/sbin:/sbin:/Library/TeX/texbin:/usr/local/go/bin:/Library/Apple/usr/bin:/Applications/Wireshark.app/Contents/MacOS:/usr/local/bin:/Users/luyi/Documents/code/go/bin
# environment
LSCOLORS = Gxfxcxdxbxegedabagacad
# environment
GOPATH = /Users/luyi/Documents/code/go
# environment
NVM_BIN = /Users/luyi/.nvm/versions/node/v17.7.2/bin
# environment
LaunchInstanceID = 1333E2DA-BCA6-4A18-9095-9786509E7655
# environment
ELECTRON_RUN_AS_NODE = 1
# environment
LDFLAGS = -L/opt/homebrew/opt/openssl@3/lib
# default
.FEATURES := target-specific order-only second-expansion else-if archives jobserver check-symlink
# environment
SSH_AUTH_SOCK = /private/tmp/com.apple.launchd.LqxU8YRr3V/Listeners
# automatic
%F = $(notdir $%)
# environment
CONDA_EXE = /Users/luyi/miniforge3/bin/conda
# environment
all_proxy = socks5://127.0.0.1:7890
# environment
PWD = /Users/luyi/Personal/playground/simplebank
# environment
HOMEBREW_CELLAR = /opt/homebrew/Cellar
# environment
ORIGINAL_XDG_CURRENT_DESKTOP = undefined
# environment
MANPATH = /Users/luyi/.nvm/versions/node/v17.7.2/share/man:/opt/homebrew/share/man::
# environment
GOMODCACHE = /Users/luyi/Documents/code/go/pkg/mod
# environment
HOME = /Users/luyi
# default
MAKEFILEPATH = $(shell /usr/bin/xcode-select -print-path 2>/dev/null || echo /Developer)/Makefiles
# environment
VSCODE_CODE_CACHE_PATH = /Users/luyi/Library/Application Support/Code/CachedData/3b889b090b5ad5793f524b5d1d39fda662b96a2a
# environment
LOGNAME = luyi
# environment
APPLICATION_INSIGHTS_NO_DIAGNOSTIC_CHANNEL = true
# environment
CONDA_PROMPT_MODIFIER = (base) 
# environment
NVM_CD_FLAGS = -q
# environment
ZSH = /Users/luyi/.oh-my-zsh
# environment
VSCODE_HANDLES_UNCAUGHT_ERRORS = true
# automatic
^D = $(patsubst %/,%,$(dir $^))
# environment
CONDA_DEFAULT_ENV = base
# environment
XPC_FLAGS = 0x0
# default
MAKE = $(MAKE_COMMAND)
# default
MAKECMDGOALS := all
# environment
SHLVL = 1
# default
MAKE_VERSION := 3.81
# environment
USER = luyi
# makefile
.DEFAULT_GOAL := postgres
# environment
GOROOT = /opt/homebrew/Cellar/go/1.18.4/libexec
# environment
LESS = -R
# automatic
%D = $(patsubst %/,%,$(dir $%))
# environment
CONDA_SHLVL = 1
# default
MAKE_COMMAND := /Library/Developer/CommandLineTools/usr/bin/make
# default
.VARIABLES := 
# environment
TMPDIR = /var/folders/yx/lk0vsn4s71934d630fjkcf6c0000gn/T/
# automatic
*F = $(notdir $*)
# environment
VSCODE_IPC_HOOK = /Users/luyi/Library/Application Support/Code/1.69.2-main.sock
# environment
MallocNanoZone = 0
# makefile
MAKEFLAGS = Rrqp
# environment
MFLAGS = -Rrqp
# automatic
*D = $(patsubst %/,%,$(dir $*))
# environment
NVM_DIR = /Users/luyi/.nvm
# environment
XPC_SERVICE_NAME = application.com.microsoft.VSCode.25133457.25133463
# environment
HOMEBREW_PREFIX = /opt/homebrew
# automatic
+D = $(patsubst %/,%,$(dir $+))
# environment
http_proxy = http://127.0.0.1:7890
# automatic
+F = $(notdir $+)
# environment
HOMEBREW_REPOSITORY = /opt/homebrew
# environment
__CF_USER_TEXT_ENCODING = 0x1F5:0x19:0x34
# environment
COMMAND_MODE = unix2003
# default
MAKEFILES := 
# automatic
<F = $(notdir $<)
# environment
https_proxy = http://127.0.0.1:7890
# environment
PAGER = less
# environment
LC_ALL = C
# environment
CONDA_PYTHON_EXE = /Users/luyi/miniforge3/bin/python
# environment
SECURITYSESSIONID = 186b3
# automatic
^F = $(notdir $^)
# default
SUFFIXES := 
# environment
_CE_M = 
# default
.INCLUDE_DIRS = /usr/local/include
# environment
MAKELEVEL := 0
# environment
AUTOJUMP_ERROR_PATH = /Users/luyi/Library/autojump/errors.log
# environment
CONDA_PREFIX = /Users/luyi/miniforge3
# environment
VSCODE_PID = 69099
# environment
_CE_CONDA = 
# environment
LANG = C
# variable set hash-table stats:
# Load=95/1024=9%, Rehash=0, Collisions=4/119=3%

# Pattern-specific Variable Values

# No pattern-specific variable values.

# Directories

# . (device 16777231, inode 24913101): 7 files, no impossibilities.

# 7 files, no impossibilities in 1 directories.

# Implicit Rules

# No implicit rules.

# Files

postgres:
#  Phony target (prerequisite of .PHONY).
#  Implicit rule search has not been done.
#  File does not exist.
#  File has not been updated.
#  commands to execute (from `Makefile', line 2):
	docker run --name postgres14 -p 5432:5432 -e POSTGRES_USER=root -e POSTGRES_PASSWORD=secret -d postgres:14-alpine
	

# Not a target:
all:
#  Command-line target.
#  Implicit rule search has been done.
#  File does not exist.
#  File has not been updated.
# variable set hash-table stats:
# Load=0/32=0%, Rehash=0, Collisions=0/0=0%

.PHONY: postgres createdb dropdb migrateup migratedown sqlc
#  Implicit rule search has not been done.
#  Modification time never checked.
#  File has not been updated.

sqlc:
#  Phony target (prerequisite of .PHONY).
#  Implicit rule search has not been done.
#  File does not exist.
#  File has not been updated.
#  commands to execute (from `Makefile', line 17):
	sqlc generate
	

# Not a target:
.SUFFIXES:
#  Implicit rule search has not been done.
#  Modification time never checked.
#  File has not been updated.

# Not a target:
Makefile:
#  Implicit rule search has been done.
#  Last modified 2022-07-19 20:52:07
#  File has been updated.
#  Successfully updated.
# variable set hash-table stats:
# Load=0/32=0%, Rehash=0, Collisions=0/0=0%

createdb:
#  Phony target (prerequisite of .PHONY).
#  Implicit rule search has not been done.
#  File does not exist.
#  File has not been updated.
#  commands to execute (from `Makefile', line 5):
	docker exec -it postgres14 createdb --username=root --owner=root simple_bank
	

# Not a target:
.DEFAULT:
#  Implicit rule search has not been done.
#  Modification time never checked.
#  File has not been updated.

dropdb:
#  Phony target (prerequisite of .PHONY).
#  Implicit rule search has not been done.
#  File does not exist.
#  File has not been updated.
#  commands to execute (from `Makefile', line 8):
 
make: *** No rule to make target `all'.  Stop.

	docker exec -it postgres14 dropdb simple_bank
	

migrateup:
#  Phony target (prerequisite of .PHONY).
#  Implicit rule search has not been done.
#  File does not exist.
#  File has not been updated.
#  commands to execute (from `Makefile', line 11):
	migrate -path db/migration -database "postgresql://root:secret@localhost:5432/simple_bank?sslmode=disable" -verbose up
	

migratedown:
#  Phony target (prerequisite of .PHONY).
#  Implicit rule search has not been done.
#  File does not exist.
#  File has not been updated.
#  commands to execute (from `Makefile', line 14):
	migrate -path db/migration -database "postgresql://root:secret@localhost:5432/simple_bank?sslmode=disable" -verbose down
	

# files hash-table stats:
# Load=11/1024=1%, Rehash=0, Collisions=0/29=0%
# VPATH Search Paths

# No `vpath' search paths.

# No general (`VPATH' variable) search path.

# # of strings in strcache: 1
# # of strcache buffers: 1
# strcache size: total = 4096 / max = 4096 / min = 4096 / avg = 4096
# strcache free: total = 4087 / max = 4087 / min = 4087 / avg = 4087

# Finished Make data base on Wed Jul 20 13:07:47 2022

 
